Using launch settings from DigiSignPoC\Properties\launchSettings.json...
info: Microsoft.Hosting.Lifetime[14]
      Now listening on: https://localhost:7025
info: Microsoft.Hosting.Lifetime[14]
      Now listening on: http://localhost:5144
info: Microsoft.Hosting.Lifetime[0]
      Application started. Press Ctrl+C to shut down.
info: Microsoft.Hosting.Lifetime[0]
      Hosting environment: Development
info: Microsoft.Hosting.Lifetime[0]
      Content root path: C:\Projects\PoC_DigiSign\PoC_DigiSign\DigiSignPoC
dbug: DigiSignPoC.Pages.IndexModel[0]
      Creating identification: scenario=019ec9ad-9a0b-7064-b41d-e7df4bb3dca5, name=PoC Verification, redirectUrl=https://localhost:7025/Callback, validityMinutes=(null)
info: System.Net.Http.HttpClient.DigiSign.LogicalHandler[100]
      Start processing HTTP request POST https://api.digisign.org/api/identifications
info: System.Net.Http.HttpClient.DigiSign.ClientHandler[100]
      Sending HTTP request POST https://api.digisign.org/api/identifications
info: System.Net.Http.HttpClient.DigiSign.ClientHandler[101]
      Received HTTP response headers after 113.2491ms - 401
info: System.Net.Http.HttpClient.DigiSign.LogicalHandler[101]
      End processing HTTP request after 121.034ms - 401
fail: DigiSignPoC.Pages.IndexModel[0]
      POST /api/identifications failed: Unauthorized {"error":"Bearer token is not a JWT."}
